Total messages: 44 (Errors: 40, Warnings: 0)
Returning 40 messages for level "error"

[ERROR] %c%s%c Only plain objects can be passed to Client Components from Server Components. %s objects are not supported.%s background: #e6e6e6;background: light-dark(rgba(0,0,0,0.1), rgba(255,255,255,0.25));color: #000000;color: light-dark(#000000, #ffffff);border-radius: 2px  Server   Decimal 
  {id: ..., clientId: ..., orderDate: ..., totalAmount: Decimal, status: ..., paidAmount: ..., isPaid: ..., notes: ..., createdAt: ..., client: ...}
                                                        ^^^^^^^ @ http://localhost:3000/_next/static/chunks/node_modules_next_dist_f3530cac._.js:3127
[ERROR] %c%s%c Only plain objects can be passed to Client Components from Server Components. %s objects are not supported.%s background: #e6e6e6;background: light-dark(rgba(0,0,0,0.1), rgba(255,255,255,0.25));color: #000000;color: light-dark(#000000, #ffffff);border-radius: 2px  Server   Decimal 
  {id: ..., clientId: ..., orderDate: ..., totalAmount: ..., status: ..., paidAmount: Decimal, isPaid: ..., notes: ..., createdAt: ..., client: ...}
                                                                                      ^^^^^^^ @ http://localhost:3000/_next/static/chunks/node_modules_next_dist_f3530cac._.js:3127
[ERROR] %c%s%c Only plain objects can be passed to Client Components from Server Components. %s objects are not supported.%s background: #e6e6e6;background: light-dark(rgba(0,0,0,0.1), rgba(255,255,255,0.25));color: #000000;color: light-dark(#000000, #ffffff);border-radius: 2px  Server   Decimal 
  {id: ..., companyName: ..., contactPerson: ..., email: ..., phone: ..., address: ..., city: ..., creditLimit: Decimal, paymentTermsDays: ..., discountPercent: ..., notes: ..., isActive: ..., createdAt: ..., updatedAt: ...}
                                                                                                                ^^^^^^^ @ http://localhost:3000/_next/static/chunks/node_modules_next_dist_f3530cac._.js:3127
[ERROR] %c%s%c Only plain objects can be passed to Client Components from Server Components. %s objects are not supported.%s background: #e6e6e6;background: light-dark(rgba(0,0,0,0.1), rgba(255,255,255,0.25));color: #000000;color: light-dark(#000000, #ffffff);border-radius: 2px  Server   Decimal 
  {id: ..., companyName: ..., contactPerson: ..., email: ..., phone: ..., address: ..., city: ..., creditLimit: ..., paymentTermsDays: ..., discountPercent: Decimal, notes: ..., isActive: ..., createdAt: ..., updatedAt: ...}
                                                                                                                                                             ^^^^^^^ @ http://localhost:3000/_next/static/chunks/node_modules_next_dist_f3530cac._.js:3127
[ERROR] %c%s%c Only plain objects can be passed to Client Components from Server Components. %s objects are not supported.%s background: #e6e6e6;background: light-dark(rgba(0,0,0,0.1), rgba(255,255,255,0.25));color: #000000;color: light-dark(#000000, #ffffff);border-radius: 2px  Server   Decimal 
  {id: ..., clientId: ..., orderDate: ..., totalAmount: Decimal, status: ..., paidAmount: ..., isPaid: ..., notes: ..., createdAt: ..., client: ...}
                                                        ^^^^^^^ @ http://localhost:3000/_next/static/chunks/node_modules_next_dist_f3530cac._.js:3127
[ERROR] %c%s%c Only plain objects can be passed to Client Components from Server Components. %s objects are not supported.%s background: #e6e6e6;background: light-dark(rgba(0,0,0,0.1), rgba(255,255,255,0.25));color: #000000;color: light-dark(#000000, #ffffff);border-radius: 2px  Server   Decimal 
  {id: ..., clientId: ..., orderDate: ..., totalAmount: ..., status: ..., paidAmount: Decimal, isPaid: ..., notes: ..., createdAt: ..., client: ...}
                                                                                      ^^^^^^^ @ http://localhost:3000/_next/static/chunks/node_modules_next_dist_f3530cac._.js:3127
[ERROR] %c%s%c Only plain objects can be passed to Client Components from Server Components. %s objects are not supported.%s background: #e6e6e6;background: light-dark(rgba(0,0,0,0.1), rgba(255,255,255,0.25));color: #000000;color: light-dark(#000000, #ffffff);border-radius: 2px  Server   Decimal 
  {id: ..., companyName: ..., contactPerson: ..., email: ..., phone: ..., address: ..., city: ..., creditLimit: Decimal, paymentTermsDays: ..., discountPercent: ..., notes: ..., isActive: ..., createdAt: ..., updatedAt: ...}
                                                                                                                ^^^^^^^ @ http://localhost:3000/_next/static/chunks/node_modules_next_dist_f3530cac._.js:3127
[ERROR] %c%s%c Only plain objects can be passed to Client Components from Server Components. %s objects are not supported.%s background: #e6e6e6;background: light-dark(rgba(0,0,0,0.1), rgba(255,255,255,0.25));color: #000000;color: light-dark(#000000, #ffffff);border-radius: 2px  Server   Decimal 
  {id: ..., companyName: ..., contactPerson: ..., email: ..., phone: ..., address: ..., city: ..., creditLimit: ..., paymentTermsDays: ..., discountPercent: Decimal, notes: ..., isActive: ..., createdAt: ..., updatedAt: ...}
                                                                                                                                                             ^^^^^^^ @ http://localhost:3000/_next/static/chunks/node_modules_next_dist_f3530cac._.js:3127
[ERROR] %c%s%c Only plain objects can be passed to Client Components from Server Components. %s objects are not supported.%s background: #e6e6e6;background: light-dark(rgba(0,0,0,0.1), rgba(255,255,255,0.25));color: #000000;color: light-dark(#000000, #ffffff);border-radius: 2px  Server   Decimal 
  {id: ..., clientId: ..., orderDate: ..., totalAmount: Decimal, status: ..., paidAmount: ..., isPaid: ..., notes: ..., createdAt: ..., client: ...}
                                                        ^^^^^^^ @ http://localhost:3000/_next/static/chunks/node_modules_next_dist_f3530cac._.js:3127
[ERROR] %c%s%c Only plain objects can be passed to Client Components from Server Components. %s objects are not supported.%s background: #e6e6e6;background: light-dark(rgba(0,0,0,0.1), rgba(255,255,255,0.25));color: #000000;color: light-dark(#000000, #ffffff);border-radius: 2px  Server   Decimal 
  {id: ..., clientId: ..., orderDate: ..., totalAmount: ..., status: ..., paidAmount: Decimal, isPaid: ..., notes: ..., createdAt: ..., client: ...}
                                                                                      ^^^^^^^ @ http://localhost:3000/_next/static/chunks/node_modules_next_dist_f3530cac._.js:3127
[ERROR] %c%s%c Only plain objects can be passed to Client Components from Server Components. %s objects are not supported.%s background: #e6e6e6;background: light-dark(rgba(0,0,0,0.1), rgba(255,255,255,0.25));color: #000000;color: light-dark(#000000, #ffffff);border-radius: 2px  Server   Decimal 
  {id: ..., companyName: ..., contactPerson: ..., email: ..., phone: ..., address: ..., city: ..., creditLimit: Decimal, paymentTermsDays: ..., discountPercent: ..., notes: ..., isActive: ..., createdAt: ..., updatedAt: ...}
                                                                                                                ^^^^^^^ @ http://localhost:3000/_next/static/chunks/node_modules_next_dist_f3530cac._.js:3127
[ERROR] %c%s%c Only plain objects can be passed to Client Components from Server Components. %s objects are not supported.%s background: #e6e6e6;background: light-dark(rgba(0,0,0,0.1), rgba(255,255,255,0.25));color: #000000;color: light-dark(#000000, #ffffff);border-radius: 2px  Server   Decimal 
  {id: ..., companyName: ..., contactPerson: ..., email: ..., phone: ..., address: ..., city: ..., creditLimit: ..., paymentTermsDays: ..., discountPercent: Decimal, notes: ..., isActive: ..., createdAt: ..., updatedAt: ...}
                                                                                                                                                             ^^^^^^^ @ http://localhost:3000/_next/static/chunks/node_modules_next_dist_f3530cac._.js:3127
[ERROR] %c%s%c Only plain objects can be passed to Client Components from Server Components. %s objects are not supported.%s background: #e6e6e6;background: light-dark(rgba(0,0,0,0.1), rgba(255,255,255,0.25));color: #000000;color: light-dark(#000000, #ffffff);border-radius: 2px  Server   Decimal 
  {id: ..., clientId: ..., orderDate: ..., totalAmount: Decimal, status: ..., paidAmount: ..., isPaid: ..., notes: ..., createdAt: ..., client: ...}
                                                        ^^^^^^^ @ http://localhost:3000/_next/static/chunks/node_modules_next_dist_f3530cac._.js:3127
[ERROR] %c%s%c Only plain objects can be passed to Client Components from Server Components. %s objects are not supported.%s background: #e6e6e6;background: light-dark(rgba(0,0,0,0.1), rgba(255,255,255,0.25));color: #000000;color: light-dark(#000000, #ffffff);border-radius: 2px  Server   Decimal 
  {id: ..., clientId: ..., orderDate: ..., totalAmount: ..., status: ..., paidAmount: Decimal, isPaid: ..., notes: ..., createdAt: ..., client: ...}
                                                                                      ^^^^^^^ @ http://localhost:3000/_next/static/chunks/node_modules_next_dist_f3530cac._.js:3127
[ERROR] %c%s%c Only plain objects can be passed to Client Components from Server Components. %s objects are not supported.%s background: #e6e6e6;background: light-dark(rgba(0,0,0,0.1), rgba(255,255,255,0.25));color: #000000;color: light-dark(#000000, #ffffff);border-radius: 2px  Server   Decimal 
  {id: ..., companyName: ..., contactPerson: ..., email: ..., phone: ..., address: ..., city: ..., creditLimit: Decimal, paymentTermsDays: ..., discountPercent: ..., notes: ..., isActive: ..., createdAt: ..., updatedAt: ...}
                                                                                                                ^^^^^^^ @ http://localhost:3000/_next/static/chunks/node_modules_next_dist_f3530cac._.js:3127
[ERROR] %c%s%c Only plain objects can be passed to Client Components from Server Components. %s objects are not supported.%s background: #e6e6e6;background: light-dark(rgba(0,0,0,0.1), rgba(255,255,255,0.25));color: #000000;color: light-dark(#000000, #ffffff);border-radius: 2px  Server   Decimal 
  {id: ..., companyName: ..., contactPerson: ..., email: ..., phone: ..., address: ..., city: ..., creditLimit: ..., paymentTermsDays: ..., discountPercent: Decimal, notes: ..., isActive: ..., createdAt: ..., updatedAt: ...}
                                                                                                                                                             ^^^^^^^ @ http://localhost:3000/_next/static/chunks/node_modules_next_dist_f3530cac._.js:3127
[ERROR] %c%s%c Only plain objects can be passed to Client Components from Server Components. %s objects are not supported.%s background: #e6e6e6;background: light-dark(rgba(0,0,0,0.1), rgba(255,255,255,0.25));color: #000000;color: light-dark(#000000, #ffffff);border-radius: 2px  Server   Decimal 
  {id: ..., clientId: ..., orderDate: ..., totalAmount: Decimal, status: ..., paidAmount: ..., isPaid: ..., notes: ..., createdAt: ..., client: ...}
                                                        ^^^^^^^ @ http://localhost:3000/_next/static/chunks/node_modules_next_dist_f3530cac._.js:3127
[ERROR] %c%s%c Only plain objects can be passed to Client Components from Server Components. %s objects are not supported.%s background: #e6e6e6;background: light-dark(rgba(0,0,0,0.1), rgba(255,255,255,0.25));color: #000000;color: light-dark(#000000, #ffffff);border-radius: 2px  Server   Decimal 
  {id: ..., clientId: ..., orderDate: ..., totalAmount: ..., status: ..., paidAmount: Decimal, isPaid: ..., notes: ..., createdAt: ..., client: ...}
                                                                                      ^^^^^^^ @ http://localhost:3000/_next/static/chunks/node_modules_next_dist_f3530cac._.js:3127
[ERROR] %c%s%c Only plain objects can be passed to Client Components from Server Components. %s objects are not supported.%s background: #e6e6e6;background: light-dark(rgba(0,0,0,0.1), rgba(255,255,255,0.25));color: #000000;color: light-dark(#000000, #ffffff);border-radius: 2px  Server   Decimal 
  {id: ..., companyName: ..., contactPerson: ..., email: ..., phone: ..., address: ..., city: ..., creditLimit: Decimal, paymentTermsDays: ..., discountPercent: ..., notes: ..., isActive: ..., createdAt: ..., updatedAt: ...}
                                                                                                                ^^^^^^^ @ http://localhost:3000/_next/static/chunks/node_modules_next_dist_f3530cac._.js:3127
[ERROR] %c%s%c Only plain objects can be passed to Client Components from Server Components. %s objects are not supported.%s background: #e6e6e6;background: light-dark(rgba(0,0,0,0.1), rgba(255,255,255,0.25));color: #000000;color: light-dark(#000000, #ffffff);border-radius: 2px  Server   Decimal 
  {id: ..., companyName: ..., contactPerson: ..., email: ..., phone: ..., address: ..., city: ..., creditLimit: ..., paymentTermsDays: ..., discountPercent: Decimal, notes: ..., isActive: ..., createdAt: ..., updatedAt: ...}
                                                                                                                                                             ^^^^^^^ @ http://localhost:3000/_next/static/chunks/node_modules_next_dist_f3530cac._.js:3127
[ERROR] %c%s%c Only plain objects can be passed to Client Components from Server Components. %s objects are not supported.%s background: #e6e6e6;background: light-dark(rgba(0,0,0,0.1), rgba(255,255,255,0.25));color: #000000;color: light-dark(#000000, #ffffff);border-radius: 2px  Server   Decimal 
  {id: ..., clientId: ..., orderDate: ..., totalAmount: Decimal, status: ..., paidAmount: ..., isPaid: ..., notes: ..., createdAt: ..., client: ...}
                                                        ^^^^^^^ @ http://localhost:3000/_next/static/chunks/node_modules_next_dist_f3530cac._.js:3127
[ERROR] %c%s%c Only plain objects can be passed to Client Components from Server Components. %s objects are not supported.%s background: #e6e6e6;background: light-dark(rgba(0,0,0,0.1), rgba(255,255,255,0.25));color: #000000;color: light-dark(#000000, #ffffff);border-radius: 2px  Server   Decimal 
  {id: ..., clientId: ..., orderDate: ..., totalAmount: ..., status: ..., paidAmount: Decimal, isPaid: ..., notes: ..., createdAt: ..., client: ...}
                                                                                      ^^^^^^^ @ http://localhost:3000/_next/static/chunks/node_modules_next_dist_f3530cac._.js:3127
[ERROR] %c%s%c Only plain objects can be passed to Client Components from Server Components. %s objects are not supported.%s background: #e6e6e6;background: light-dark(rgba(0,0,0,0.1), rgba(255,255,255,0.25));color: #000000;color: light-dark(#000000, #ffffff);border-radius: 2px  Server   Decimal 
  {id: ..., companyName: ..., contactPerson: ..., email: ..., phone: ..., address: ..., city: ..., creditLimit: Decimal, paymentTermsDays: ..., discountPercent: ..., notes: ..., isActive: ..., createdAt: ..., updatedAt: ...}
                                                                                                                ^^^^^^^ @ http://localhost:3000/_next/static/chunks/node_modules_next_dist_f3530cac._.js:3127
[ERROR] %c%s%c Only plain objects can be passed to Client Components from Server Components. %s objects are not supported.%s background: #e6e6e6;background: light-dark(rgba(0,0,0,0.1), rgba(255,255,255,0.25));color: #000000;color: light-dark(#000000, #ffffff);border-radius: 2px  Server   Decimal 
  {id: ..., companyName: ..., contactPerson: ..., email: ..., phone: ..., address: ..., city: ..., creditLimit: ..., paymentTermsDays: ..., discountPercent: Decimal, notes: ..., isActive: ..., createdAt: ..., updatedAt: ...}
                                                                                                                                                             ^^^^^^^ @ http://localhost:3000/_next/static/chunks/node_modules_next_dist_f3530cac._.js:3127
[ERROR] %c%s%c Only plain objects can be passed to Client Components from Server Components. %s objects are not supported.%s background: #e6e6e6;background: light-dark(rgba(0,0,0,0.1), rgba(255,255,255,0.25));color: #000000;color: light-dark(#000000, #ffffff);border-radius: 2px  Server   Decimal 
  {id: ..., clientId: ..., orderDate: ..., totalAmount: Decimal, status: ..., paidAmount: ..., isPaid: ..., notes: ..., createdAt: ..., client: ...}
                                                        ^^^^^^^ @ http://localhost:3000/_next/static/chunks/node_modules_next_dist_f3530cac._.js:3127
[ERROR] %c%s%c Only plain objects can be passed to Client Components from Server Components. %s objects are not supported.%s background: #e6e6e6;background: light-dark(rgba(0,0,0,0.1), rgba(255,255,255,0.25));color: #000000;color: light-dark(#000000, #ffffff);border-radius: 2px  Server   Decimal 
  {id: ..., clientId: ..., orderDate: ..., totalAmount: ..., status: ..., paidAmount: Decimal, isPaid: ..., notes: ..., createdAt: ..., client: ...}
                                                                                      ^^^^^^^ @ http://localhost:3000/_next/static/chunks/node_modules_next_dist_f3530cac._.js:3127
[ERROR] %c%s%c Only plain objects can be passed to Client Components from Server Components. %s objects are not supported.%s background: #e6e6e6;background: light-dark(rgba(0,0,0,0.1), rgba(255,255,255,0.25));color: #000000;color: light-dark(#000000, #ffffff);border-radius: 2px  Server   Decimal 
  {id: ..., companyName: ..., contactPerson: ..., email: ..., phone: ..., address: ..., city: ..., creditLimit: Decimal, paymentTermsDays: ..., discountPercent: ..., notes: ..., isActive: ..., createdAt: ..., updatedAt: ...}
                                                                                                                ^^^^^^^ @ http://localhost:3000/_next/static/chunks/node_modules_next_dist_f3530cac._.js:3127
[ERROR] %c%s%c Only plain objects can be passed to Client Components from Server Components. %s objects are not supported.%s background: #e6e6e6;background: light-dark(rgba(0,0,0,0.1), rgba(255,255,255,0.25));color: #000000;color: light-dark(#000000, #ffffff);border-radius: 2px  Server   Decimal 
  {id: ..., companyName: ..., contactPerson: ..., email: ..., phone: ..., address: ..., city: ..., creditLimit: ..., paymentTermsDays: ..., discountPercent: Decimal, notes: ..., isActive: ..., createdAt: ..., updatedAt: ...}
                                                                                                                                                             ^^^^^^^ @ http://localhost:3000/_next/static/chunks/node_modules_next_dist_f3530cac._.js:3127
[ERROR] %c%s%c Only plain objects can be passed to Client Components from Server Components. %s objects are not supported.%s background: #e6e6e6;background: light-dark(rgba(0,0,0,0.1), rgba(255,255,255,0.25));color: #000000;color: light-dark(#000000, #ffffff);border-radius: 2px  Server   Decimal 
  {id: ..., clientId: ..., orderDate: ..., totalAmount: Decimal, status: ..., paidAmount: ..., isPaid: ..., notes: ..., createdAt: ..., client: ...}
                                                        ^^^^^^^ @ http://localhost:3000/_next/static/chunks/node_modules_next_dist_f3530cac._.js:3127
[ERROR] %c%s%c Only plain objects can be passed to Client Components from Server Components. %s objects are not supported.%s background: #e6e6e6;background: light-dark(rgba(0,0,0,0.1), rgba(255,255,255,0.25));color: #000000;color: light-dark(#000000, #ffffff);border-radius: 2px  Server   Decimal 
  {id: ..., clientId: ..., orderDate: ..., totalAmount: ..., status: ..., paidAmount: Decimal, isPaid: ..., notes: ..., createdAt: ..., client: ...}
                                                                                      ^^^^^^^ @ http://localhost:3000/_next/static/chunks/node_modules_next_dist_f3530cac._.js:3127
[ERROR] %c%s%c Only plain objects can be passed to Client Components from Server Components. %s objects are not supported.%s background: #e6e6e6;background: light-dark(rgba(0,0,0,0.1), rgba(255,255,255,0.25));color: #000000;color: light-dark(#000000, #ffffff);border-radius: 2px  Server   Decimal 
  {id: ..., companyName: ..., contactPerson: ..., email: ..., phone: ..., address: ..., city: ..., creditLimit: Decimal, paymentTermsDays: ..., discountPercent: ..., notes: ..., isActive: ..., createdAt: ..., updatedAt: ...}
                                                                                                                ^^^^^^^ @ http://localhost:3000/_next/static/chunks/node_modules_next_dist_f3530cac._.js:3127
[ERROR] %c%s%c Only plain objects can be passed to Client Components from Server Components. %s objects are not supported.%s background: #e6e6e6;background: light-dark(rgba(0,0,0,0.1), rgba(255,255,255,0.25));color: #000000;color: light-dark(#000000, #ffffff);border-radius: 2px  Server   Decimal 
  {id: ..., companyName: ..., contactPerson: ..., email: ..., phone: ..., address: ..., city: ..., creditLimit: ..., paymentTermsDays: ..., discountPercent: Decimal, notes: ..., isActive: ..., createdAt: ..., updatedAt: ...}
                                                                                                                                                             ^^^^^^^ @ http://localhost:3000/_next/static/chunks/node_modules_next_dist_f3530cac._.js:3127
[ERROR] %c%s%c Only plain objects can be passed to Client Components from Server Components. %s objects are not supported.%s background: #e6e6e6;background: light-dark(rgba(0,0,0,0.1), rgba(255,255,255,0.25));color: #000000;color: light-dark(#000000, #ffffff);border-radius: 2px  Server   Decimal 
  {id: ..., clientId: ..., orderDate: ..., totalAmount: Decimal, status: ..., paidAmount: ..., isPaid: ..., notes: ..., createdAt: ..., client: ...}
                                                        ^^^^^^^ @ http://localhost:3000/_next/static/chunks/node_modules_next_dist_f3530cac._.js:3127
[ERROR] %c%s%c Only plain objects can be passed to Client Components from Server Components. %s objects are not supported.%s background: #e6e6e6;background: light-dark(rgba(0,0,0,0.1), rgba(255,255,255,0.25));color: #000000;color: light-dark(#000000, #ffffff);border-radius: 2px  Server   Decimal 
  {id: ..., clientId: ..., orderDate: ..., totalAmount: ..., status: ..., paidAmount: Decimal, isPaid: ..., notes: ..., createdAt: ..., client: ...}
                                                                                      ^^^^^^^ @ http://localhost:3000/_next/static/chunks/node_modules_next_dist_f3530cac._.js:3127
[ERROR] %c%s%c Only plain objects can be passed to Client Components from Server Components. %s objects are not supported.%s background: #e6e6e6;background: light-dark(rgba(0,0,0,0.1), rgba(255,255,255,0.25));color: #000000;color: light-dark(#000000, #ffffff);border-radius: 2px  Server   Decimal 
  {id: ..., companyName: ..., contactPerson: ..., email: ..., phone: ..., address: ..., city: ..., creditLimit: Decimal, paymentTermsDays: ..., discountPercent: ..., notes: ..., isActive: ..., createdAt: ..., updatedAt: ...}
                                                                                                                ^^^^^^^ @ http://localhost:3000/_next/static/chunks/node_modules_next_dist_f3530cac._.js:3127
[ERROR] %c%s%c Only plain objects can be passed to Client Components from Server Components. %s objects are not supported.%s background: #e6e6e6;background: light-dark(rgba(0,0,0,0.1), rgba(255,255,255,0.25));color: #000000;color: light-dark(#000000, #ffffff);border-radius: 2px  Server   Decimal 
  {id: ..., companyName: ..., contactPerson: ..., email: ..., phone: ..., address: ..., city: ..., creditLimit: ..., paymentTermsDays: ..., discountPercent: Decimal, notes: ..., isActive: ..., createdAt: ..., updatedAt: ...}
                                                                                                                                                             ^^^^^^^ @ http://localhost:3000/_next/static/chunks/node_modules_next_dist_f3530cac._.js:3127
[ERROR] %c%s%c Only plain objects can be passed to Client Components from Server Components. %s objects are not supported.%s background: #e6e6e6;background: light-dark(rgba(0,0,0,0.1), rgba(255,255,255,0.25));color: #000000;color: light-dark(#000000, #ffffff);border-radius: 2px  Server   Decimal 
  {id: ..., clientId: ..., orderDate: ..., totalAmount: Decimal, status: ..., paidAmount: ..., isPaid: ..., notes: ..., createdAt: ..., client: ...}
                                                        ^^^^^^^ @ http://localhost:3000/_next/static/chunks/node_modules_next_dist_f3530cac._.js:3127
[ERROR] %c%s%c Only plain objects can be passed to Client Components from Server Components. %s objects are not supported.%s background: #e6e6e6;background: light-dark(rgba(0,0,0,0.1), rgba(255,255,255,0.25));color: #000000;color: light-dark(#000000, #ffffff);border-radius: 2px  Server   Decimal 
  {id: ..., clientId: ..., orderDate: ..., totalAmount: ..., status: ..., paidAmount: Decimal, isPaid: ..., notes: ..., createdAt: ..., client: ...}
                                                                                      ^^^^^^^ @ http://localhost:3000/_next/static/chunks/node_modules_next_dist_f3530cac._.js:3127
[ERROR] %c%s%c Only plain objects can be passed to Client Components from Server Components. %s objects are not supported.%s background: #e6e6e6;background: light-dark(rgba(0,0,0,0.1), rgba(255,255,255,0.25));color: #000000;color: light-dark(#000000, #ffffff);border-radius: 2px  Server   Decimal 
  {id: ..., companyName: ..., contactPerson: ..., email: ..., phone: ..., address: ..., city: ..., creditLimit: Decimal, paymentTermsDays: ..., discountPercent: ..., notes: ..., isActive: ..., createdAt: ..., updatedAt: ...}
                                                                                                                ^^^^^^^ @ http://localhost:3000/_next/static/chunks/node_modules_next_dist_f3530cac._.js:3127
[ERROR] %c%s%c Only plain objects can be passed to Client Components from Server Components. %s objects are not supported.%s background: #e6e6e6;background: light-dark(rgba(0,0,0,0.1), rgba(255,255,255,0.25));color: #000000;color: light-dark(#000000, #ffffff);border-radius: 2px  Server   Decimal 
  {id: ..., companyName: ..., contactPerson: ..., email: ..., phone: ..., address: ..., city: ..., creditLimit: ..., paymentTermsDays: ..., discountPercent: Decimal, notes: ..., isActive: ..., createdAt: ..., updatedAt: ...}
                                                                                                                                                             ^^^^^^^ @ http://localhost:3000/_next/static/chunks/node_modules_next_dist_f3530cac._.js:3127